<?xml version="1.0" encoding="UTF-8"?>
<testsuite xmlns:xsi="http://www.w3.org/2001/XMLSchema-instance" xsi:noNamespaceSchemaLocation="https://maven.apache.org/surefire/maven-surefire-plugin/xsd/surefire-test-report.xsd" name="TestSuite" time="1.757" tests="5" errors="0" skipped="0" failures="0">
  <properties>
[...]
</properties>
  <testcase name="create on create(za.ac.nwu.ac.logic.flow.impl.CreateAccountTypeFlowImplTest)" classname="za.ac.nwu.ac.logic.flow.impl.CreateAccountTypeFlowImplTest" time="0.065"/>
  <testcase name="equals on equals(za.ac.nwu.ac.logic.flow.impl.CreateAccountTypeFlowImplTest)" classname="za.ac.nwu.ac.logic.flow.impl.CreateAccountTypeFlowImplTest" time="0.005"/>
  <testcase name="methodToTest on methodToTest(za.ac.nwu.ac.logic.flow.impl.FetchAccountTypeFlowImplTest)" classname="za.ac.nwu.ac.logic.flow.impl.FetchAccountTypeFlowImplTest" time="0"/>
  <testcase name="testMod on testMod(za.ac.nwu.ac.logic.flow.impl.ModuloTest)" classname="za.ac.nwu.ac.logic.flow.impl.ModuloTest" time="0"/>
  <testcase name="testModBy0 on testModBy0(za.ac.nwu.ac.logic.flow.impl.ModuloTest)" classname="za.ac.nwu.ac.logic.flow.impl.ModuloTest" time="0.001"/>
</testsuite>