<?xml version="1.0" encoding="UTF-8"?>
<!-- Generated by org.testng.reporters.JUnitXMLReporter -->
<testsuite hostname="LAPTOP-2U0TTD3N" ignored="0" name="Surefire test" tests="5" failures="0" timestamp="2021-10-09T16:28:46 CAT" time="1.077" errors="0">
  <testcase name="create on create(za.ac.nwu.ac.logic.flow.impl.CreateAccountTypeFlowImplTest)" time="0.977" classname="za.ac.nwu.ac.logic.flow.impl.CreateAccountTypeFlowImplTest"/>
  <testcase name="equals on equals(za.ac.nwu.ac.logic.flow.impl.CreateAccountTypeFlowImplTest)" time="0.981" classname="za.ac.nwu.ac.logic.flow.impl.CreateAccountTypeFlowImplTest"/>
  <testcase name="methodToTest on methodToTest(za.ac.nwu.ac.logic.flow.impl.FetchAccountTypeFlowImplTest)" time="0.001" classname="za.ac.nwu.ac.logic.flow.impl.FetchAccountTypeFlowImplTest"/>
  <testcase name="testMod on testMod(za.ac.nwu.ac.logic.flow.impl.ModuloTest)" time="0.001" classname="za.ac.nwu.ac.logic.flow.impl.ModuloTest"/>
  <testcase name="testModBy0 on testModBy0(za.ac.nwu.ac.logic.flow.impl.ModuloTest)" time="0.001" classname="za.ac.nwu.ac.logic.flow.impl.ModuloTest"/>
</testsuite> <!-- Surefire test -->
